<?xml version="1.0" encoding="UTF-8"?>
<coverage generated="1773787833699" clover="3.2.0">
  <project timestamp="1773787833699" name="All files">
    <metrics statements="85" coveredstatements="49" conditionals="32" coveredconditionals="25" methods="17" coveredmethods="7" elements="134" coveredelements="81" complexity="0" loc="85" ncloc="85" packages="4" files="4" classes="4"/>
    <package name="assets.photo">
      <metrics statements="0" coveredstatements="0" conditionals="0" coveredconditionals="0" methods="0" coveredmethods="0"/>
      <file name="HeroCompte.webp" path="C:\Users\pauline.bennoin\WebstormProjects\cafthefront\src\assets\photo\HeroCompte.webp">
        <metrics statements="0" coveredstatements="0" conditionals="0" coveredconditionals="0" methods="0" coveredmethods="0"/>
      </file>
    </package>
    <package name="context">
      <metrics statements="22" coveredstatements="1" conditionals="2" coveredconditionals="0" methods="5" coveredmethods="0"/>
      <file name="AuthContext.jsx" path="C:\Users\pauline.bennoin\WebstormProjects\cafthefront\src\context\AuthContext.jsx">
        <metrics statements="22" coveredstatements="1" conditionals="2" coveredconditionals="0" methods="5" coveredmethods="0"/>
        <line num="7" count="3" type="stmt"/>
        <line num="17" count="0" type="stmt"/>
        <line num="19" count="0" type="stmt"/>
        <line num="26" count="0" type="stmt"/>
        <line num="27" count="0" type="stmt"/>
        <line num="28" count="0" type="stmt"/>
        <line num="30" count="0" type="stmt"/>
        <line num="36" count="0" type="cond" truecount="0" falsecount="2"/>
        <line num="37" count="0" type="stmt"/>
        <line num="38" count="0" type="stmt"/>
        <line num="42" count="0" type="stmt"/>
        <line num="46" count="0" type="stmt"/>
        <line num="50" count="0" type="stmt"/>
        <line num="57" count="0" type="stmt"/>
        <line num="60" count="0" type="stmt"/>
        <line num="64" count="0" type="stmt"/>
        <line num="65" count="0" type="stmt"/>
        <line num="67" count="0" type="stmt"/>
        <line num="75" count="0" type="stmt"/>
        <line num="78" count="0" type="stmt"/>
        <line num="84" count="0" type="stmt"/>
        <line num="95" count="0" type="stmt"/>
      </file>
    </package>
    <package name="pages">
      <metrics statements="63" coveredstatements="48" conditionals="30" coveredconditionals="25" methods="12" coveredmethods="7"/>
      <file name="Login.jsx" path="C:\Users\pauline.bennoin\WebstormProjects\cafthefront\src\pages\Login.jsx">
        <metrics statements="63" coveredstatements="48" conditionals="30" coveredconditionals="25" methods="12" coveredmethods="7"/>
        <line num="19" count="3" type="stmt"/>
        <line num="22" count="40" type="stmt"/>
        <line num="23" count="40" type="stmt"/>
        <line num="27" count="40" type="stmt"/>
        <line num="31" count="40" type="stmt"/>
        <line num="32" count="40" type="stmt"/>
        <line num="33" count="40" type="stmt"/>
        <line num="36" count="40" type="stmt"/>
        <line num="39" count="40" type="stmt"/>
        <line num="47" count="40" type="stmt"/>
        <line num="50" count="40" type="stmt"/>
        <line num="54" count="40" type="cond" truecount="2" falsecount="0"/>
        <line num="60" count="40" type="stmt"/>
        <line num="61" count="3" type="stmt"/>
        <line num="62" count="3" type="stmt"/>
        <line num="64" count="3" type="stmt"/>
        <line num="66" count="3" type="stmt"/>
        <line num="79" count="2" type="stmt"/>
        <line num="82" count="2" type="cond" truecount="2" falsecount="0"/>
        <line num="83" count="1" type="cond" truecount="1" falsecount="1"/>
        <line num="84" count="1" type="stmt"/>
        <line num="89" count="1" type="stmt"/>
        <line num="93" count="1" type="stmt"/>
        <line num="99" count="1" type="stmt"/>
        <line num="100" count="1" type="stmt"/>
        <line num="105" count="40" type="stmt"/>
        <line num="106" count="11" type="stmt"/>
        <line num="107" count="11" type="stmt"/>
        <line num="115" count="40" type="stmt"/>
        <line num="116" count="3" type="stmt"/>
        <line num="117" count="3" type="stmt"/>
        <line num="118" count="3" type="stmt"/>
        <line num="121" count="3" type="cond" truecount="2" falsecount="0"/>
        <line num="122" count="1" type="stmt"/>
        <line num="123" count="1" type="stmt"/>
        <line num="127" count="2" type="cond" truecount="2" falsecount="0"/>
        <line num="128" count="1" type="stmt"/>
        <line num="129" count="1" type="stmt"/>
        <line num="132" count="1" type="stmt"/>
        <line num="134" count="1" type="stmt"/>
        <line num="143" count="1" type="stmt"/>
        <line num="145" count="1" type="cond" truecount="1" falsecount="1"/>
        <line num="146" count="0" type="cond" truecount="0" falsecount="2"/>
        <line num="147" count="0" type="stmt"/>
        <line num="151" count="1" type="stmt"/>
        <line num="152" count="1" type="stmt"/>
        <line num="155" count="0" type="stmt"/>
        <line num="156" count="0" type="stmt"/>
        <line num="163" count="40" type="stmt"/>
        <line num="207" count="0" type="stmt"/>
        <line num="213" count="5" type="stmt"/>
        <line num="240" count="3" type="stmt"/>
        <line num="252" count="3" type="stmt"/>
        <line num="258" count="0" type="stmt"/>
        <line num="332" count="0" type="stmt"/>
        <line num="333" count="0" type="stmt"/>
        <line num="334" count="0" type="stmt"/>
        <line num="335" count="0" type="stmt"/>
        <line num="339" count="0" type="stmt"/>
        <line num="340" count="0" type="stmt"/>
        <line num="341" count="0" type="stmt"/>
        <line num="345" count="0" type="stmt"/>
        <line num="351" count="0" type="stmt"/>
      </file>
    </package>
    <package name="styles">
      <metrics statements="0" coveredstatements="0" conditionals="0" coveredconditionals="0" methods="0" coveredmethods="0"/>
      <file name="Login.css" path="C:\Users\pauline.bennoin\WebstormProjects\cafthefront\src\styles\Login.css">
        <metrics statements="0" coveredstatements="0" conditionals="0" coveredconditionals="0" methods="0" coveredmethods="0"/>
      </file>
    </package>
  </project>
</coverage>
