{"C:\\Users\\pauline.bennoin\\WebstormProjects\\cafthefront\\src\\assets\\photo\\HeroCompte.webp": {"path":"C:\\Users\\pauline.bennoin\\WebstormProjects\\cafthefront\\src\\assets\\photo\\HeroCompte.webp","statementMap":{},"fnMap":{},"branchMap":{},"s":{},"f":{},"b":{},"meta":{"lastBranch":0,"lastFunction":0,"lastStatement":0,"seen":{}}}
,"C:\\Users\\pauline.bennoin\\WebstormProjects\\cafthefront\\src\\context\\AuthContext.jsx": {"path":"C:\\Users\\pauline.bennoin\\WebstormProjects\\cafthefront\\src\\context\\AuthContext.jsx","statementMap":{"0":{"start":{"line":7,"column":13},"end":{"line":7,"column":null}},"1":{"start":{"line":17,"column":24},"end":{"line":17,"column":null}},"2":{"start":{"line":19,"column":30},"end":{"line":19,"column":null}},"3":{"start":{"line":26,"column":4},"end":{"line":51,"column":null}},"4":{"start":{"line":27,"column":29},"end":{"line":48,"column":null}},"5":{"start":{"line":28,"column":12},"end":{"line":47,"column":null}},"6":{"start":{"line":30,"column":33},"end":{"line":33,"column":null}},"7":{"start":{"line":36,"column":16},"end":{"line":39,"column":null}},"8":{"start":{"line":37,"column":33},"end":{"line":37,"column":null}},"9":{"start":{"line":38,"column":20},"end":{"line":38,"column":null}},"10":{"start":{"line":42,"column":16},"end":{"line":42,"column":null}},"11":{"start":{"line":46,"column":16},"end":{"line":46,"column":null}},"12":{"start":{"line":50,"column":8},"end":{"line":50,"column":null}},"13":{"start":{"line":57,"column":18},"end":{"line":61,"column":null}},"14":{"start":{"line":60,"column":8},"end":{"line":60,"column":null}},"15":{"start":{"line":64,"column":19},"end":{"line":79,"column":null}},"16":{"start":{"line":65,"column":8},"end":{"line":76,"column":null}},"17":{"start":{"line":67,"column":12},"end":{"line":73,"column":null}},"18":{"start":{"line":75,"column":12},"end":{"line":75,"column":null}},"19":{"start":{"line":78,"column":8},"end":{"line":78,"column":null}},"20":{"start":{"line":84,"column":18},"end":{"line":92,"column":null}},"21":{"start":{"line":95,"column":4},"end":{"line":98,"column":null}}},"fnMap":{"0":{"name":"AuthProvider","decl":{"start":{"line":12,"column":16},"end":{"line":12,"column":29}},"loc":{"start":{"line":12,"column":43},"end":{"line":100,"column":null}},"line":12},"1":{"name":"(anonymous_1)","decl":{"start":{"line":26,"column":14},"end":{"line":26,"column":20}},"loc":{"start":{"line":26,"column":20},"end":{"line":51,"column":7}},"line":26},"2":{"name":"(anonymous_2)","decl":{"start":{"line":27,"column":29},"end":{"line":27,"column":41}},"loc":{"start":{"line":27,"column":41},"end":{"line":48,"column":null}},"line":27},"3":{"name":"(anonymous_3)","decl":{"start":{"line":57,"column":18},"end":{"line":57,"column":19}},"loc":{"start":{"line":57,"column":32},"end":{"line":61,"column":null}},"line":57},"4":{"name":"(anonymous_4)","decl":{"start":{"line":64,"column":19},"end":{"line":64,"column":31}},"loc":{"start":{"line":64,"column":31},"end":{"line":79,"column":null}},"line":64}},"branchMap":{"0":{"loc":{"start":{"line":36,"column":16},"end":{"line":39,"column":null}},"type":"if","locations":[{"start":{"line":36,"column":16},"end":{"line":39,"column":null}},{"start":{},"end":{}}],"line":36}},"s":{"0":3,"1":0,"2":0,"3":0,"4":0,"5":0,"6":0,"7":0,"8":0,"9":0,"10":0,"11":0,"12":0,"13":0,"14":0,"15":0,"16":0,"17":0,"18":0,"19":0,"20":0,"21":0},"f":{"0":0,"1":0,"2":0,"3":0,"4":0},"b":{"0":[0,0]},"meta":{"lastBranch":1,"lastFunction":5,"lastStatement":22,"seen":{"s:7:13:7:Infinity":0,"f:12:16:12:29":0,"s:17:24:17:Infinity":1,"s:19:30:19:Infinity":2,"s:26:4:51:Infinity":3,"f:26:14:26:20":1,"s:27:29:48:Infinity":4,"f:27:29:27:41":2,"s:28:12:47:Infinity":5,"s:30:33:33:Infinity":6,"b:36:16:39:Infinity:undefined:undefined:undefined:undefined":0,"s:36:16:39:Infinity":7,"s:37:33:37:Infinity":8,"s:38:20:38:Infinity":9,"s:42:16:42:Infinity":10,"s:46:16:46:Infinity":11,"s:50:8:50:Infinity":12,"s:57:18:61:Infinity":13,"f:57:18:57:19":3,"s:60:8:60:Infinity":14,"s:64:19:79:Infinity":15,"f:64:19:64:31":4,"s:65:8:76:Infinity":16,"s:67:12:73:Infinity":17,"s:75:12:75:Infinity":18,"s:78:8:78:Infinity":19,"s:84:18:92:Infinity":20,"s:95:4:98:Infinity":21}}}
,"C:\\Users\\pauline.bennoin\\WebstormProjects\\cafthefront\\src\\pages\\Login.jsx": {"path":"C:\\Users\\pauline.bennoin\\WebstormProjects\\cafthefront\\src\\pages\\Login.jsx","statementMap":{"0":{"start":{"line":19,"column":14},"end":{"line":364,"column":null}},"1":{"start":{"line":22,"column":16},"end":{"line":22,"column":null}},"2":{"start":{"line":23,"column":10},"end":{"line":23,"column":null}},"3":{"start":{"line":27,"column":34},"end":{"line":27,"column":null}},"4":{"start":{"line":31,"column":26},"end":{"line":31,"column":null}},"5":{"start":{"line":32,"column":36},"end":{"line":32,"column":null}},"6":{"start":{"line":33,"column":32},"end":{"line":33,"column":null}},"7":{"start":{"line":36,"column":38},"end":{"line":36,"column":null}},"8":{"start":{"line":39,"column":40},"end":{"line":44,"column":null}},"9":{"start":{"line":47,"column":36},"end":{"line":47,"column":null}},"10":{"start":{"line":50,"column":10},"end":{"line":50,"column":null}},"11":{"start":{"line":54,"column":17},"end":{"line":54,"column":null}},"12":{"start":{"line":60,"column":25},"end":{"line":102,"column":null}},"13":{"start":{"line":61,"column":8},"end":{"line":61,"column":null}},"14":{"start":{"line":62,"column":8},"end":{"line":62,"column":null}},"15":{"start":{"line":64,"column":8},"end":{"line":101,"column":null}},"16":{"start":{"line":66,"column":29},"end":{"line":77,"column":null}},"17":{"start":{"line":79,"column":25},"end":{"line":79,"column":null}},"18":{"start":{"line":82,"column":12},"end":{"line":85,"column":null}},"19":{"start":{"line":83,"column":16},"end":{"line":83,"column":null}},"20":{"start":{"line":84,"column":16},"end":{"line":84,"column":null}},"21":{"start":{"line":89,"column":12},"end":{"line":89,"column":null}},"22":{"start":{"line":93,"column":12},"end":{"line":93,"column":null}},"23":{"start":{"line":99,"column":12},"end":{"line":99,"column":null}},"24":{"start":{"line":100,"column":12},"end":{"line":100,"column":null}},"25":{"start":{"line":105,"column":33},"end":{"line":112,"column":null}},"26":{"start":{"line":106,"column":47},"end":{"line":106,"column":null}},"27":{"start":{"line":107,"column":8},"end":{"line":111,"column":null}},"28":{"start":{"line":115,"column":33},"end":{"line":158,"column":null}},"29":{"start":{"line":116,"column":8},"end":{"line":116,"column":null}},"30":{"start":{"line":117,"column":8},"end":{"line":117,"column":null}},"31":{"start":{"line":118,"column":8},"end":{"line":118,"column":null}},"32":{"start":{"line":121,"column":8},"end":{"line":124,"column":null}},"33":{"start":{"line":122,"column":12},"end":{"line":122,"column":null}},"34":{"start":{"line":123,"column":12},"end":{"line":123,"column":null}},"35":{"start":{"line":127,"column":8},"end":{"line":130,"column":null}},"36":{"start":{"line":128,"column":12},"end":{"line":128,"column":null}},"37":{"start":{"line":129,"column":12},"end":{"line":129,"column":null}},"38":{"start":{"line":132,"column":8},"end":{"line":157,"column":null}},"39":{"start":{"line":134,"column":29},"end":{"line":141,"column":null}},"40":{"start":{"line":143,"column":25},"end":{"line":143,"column":null}},"41":{"start":{"line":145,"column":12},"end":{"line":148,"column":null}},"42":{"start":{"line":146,"column":16},"end":{"line":146,"column":null}},"43":{"start":{"line":147,"column":16},"end":{"line":147,"column":null}},"44":{"start":{"line":151,"column":12},"end":{"line":151,"column":null}},"45":{"start":{"line":152,"column":12},"end":{"line":152,"column":null}},"46":{"start":{"line":155,"column":12},"end":{"line":155,"column":null}},"47":{"start":{"line":156,"column":12},"end":{"line":156,"column":null}},"48":{"start":{"line":163,"column":4},"end":{"line":362,"column":null}},"49":{"start":{"line":207,"column":43},"end":{"line":207,"column":null}},"50":{"start":{"line":213,"column":43},"end":{"line":213,"column":null}},"51":{"start":{"line":240,"column":61},"end":{"line":240,"column":null}},"52":{"start":{"line":252,"column":61},"end":{"line":252,"column":null}},"53":{"start":{"line":258,"column":99},"end":{"line":258,"column":123}},"54":{"start":{"line":258,"column":123},"end":{"line":258,"column":140}},"55":{"start":{"line":258,"column":140},"end":{"line":258,"column":158}},"56":{"start":{"line":332,"column":36},"end":{"line":332,"column":null}},"57":{"start":{"line":333,"column":36},"end":{"line":333,"column":53}},"58":{"start":{"line":333,"column":53},"end":{"line":333,"column":null}},"59":{"start":{"line":334,"column":36},"end":{"line":341,"column":null}},"60":{"start":{"line":335,"column":52},"end":{"line":338,"column":null}},"61":{"start":{"line":339,"column":53},"end":{"line":339,"column":null}},"62":{"start":{"line":340,"column":40},"end":{"line":340,"column":null}},"63":{"start":{"line":341,"column":52},"end":{"line":341,"column":100}},"64":{"start":{"line":345,"column":136},"end":{"line":345,"column":168}},"65":{"start":{"line":351,"column":112},"end":{"line":351,"column":135}},"66":{"start":{"line":351,"column":135},"end":{"line":351,"column":152}},"67":{"start":{"line":351,"column":152},"end":{"line":351,"column":171}}},"fnMap":{"0":{"name":"(anonymous_0)","decl":{"start":{"line":19,"column":14},"end":{"line":19,"column":20}},"loc":{"start":{"line":19,"column":20},"end":{"line":364,"column":null}},"line":19},"1":{"name":"(anonymous_1)","decl":{"start":{"line":60,"column":25},"end":{"line":60,"column":32}},"loc":{"start":{"line":60,"column":38},"end":{"line":102,"column":null}},"line":60},"2":{"name":"(anonymous_2)","decl":{"start":{"line":105,"column":33},"end":{"line":105,"column":34}},"loc":{"start":{"line":105,"column":40},"end":{"line":112,"column":null}},"line":105},"3":{"name":"(anonymous_3)","decl":{"start":{"line":115,"column":33},"end":{"line":115,"column":40}},"loc":{"start":{"line":115,"column":46},"end":{"line":158,"column":null}},"line":115},"4":{"name":"(anonymous_4)","decl":{"start":{"line":207,"column":37},"end":{"line":207,"column":43}},"loc":{"start":{"line":207,"column":43},"end":{"line":207,"column":null}},"line":207},"5":{"name":"(anonymous_5)","decl":{"start":{"line":213,"column":37},"end":{"line":213,"column":43}},"loc":{"start":{"line":213,"column":43},"end":{"line":213,"column":null}},"line":213},"6":{"name":"(anonymous_6)","decl":{"start":{"line":240,"column":54},"end":{"line":240,"column":55}},"loc":{"start":{"line":240,"column":61},"end":{"line":240,"column":null}},"line":240},"7":{"name":"(anonymous_7)","decl":{"start":{"line":252,"column":54},"end":{"line":252,"column":55}},"loc":{"start":{"line":252,"column":61},"end":{"line":252,"column":null}},"line":252},"8":{"name":"(anonymous_8)","decl":{"start":{"line":258,"column":92},"end":{"line":258,"column":98}},"loc":{"start":{"line":258,"column":98},"end":{"line":258,"column":161}},"line":258},"9":{"name":"(anonymous_9)","decl":{"start":{"line":331,"column":48},"end":{"line":331,"column":55}},"loc":{"start":{"line":331,"column":61},"end":{"line":342,"column":null}},"line":331},"10":{"name":"(anonymous_10)","decl":{"start":{"line":345,"column":129},"end":{"line":345,"column":130}},"loc":{"start":{"line":345,"column":136},"end":{"line":345,"column":168}},"line":345},"11":{"name":"(anonymous_11)","decl":{"start":{"line":351,"column":104},"end":{"line":351,"column":110}},"loc":{"start":{"line":351,"column":110},"end":{"line":351,"column":174}},"line":351}},"branchMap":{"0":{"loc":{"start":{"line":54,"column":17},"end":{"line":54,"column":null}},"type":"binary-expr","locations":[{"start":{"line":54,"column":17},"end":{"line":54,"column":41}},{"start":{"line":54,"column":41},"end":{"line":54,"column":null}}],"line":54},"1":{"loc":{"start":{"line":82,"column":12},"end":{"line":85,"column":null}},"type":"if","locations":[{"start":{"line":82,"column":12},"end":{"line":85,"column":null}},{"start":{},"end":{}}],"line":82},"2":{"loc":{"start":{"line":83,"column":28},"end":{"line":83,"column":65}},"type":"binary-expr","locations":[{"start":{"line":83,"column":28},"end":{"line":83,"column":44}},{"start":{"line":83,"column":44},"end":{"line":83,"column":65}}],"line":83},"3":{"loc":{"start":{"line":110,"column":20},"end":{"line":110,"column":null}},"type":"cond-expr","locations":[{"start":{"line":110,"column":42},"end":{"line":110,"column":52}},{"start":{"line":110,"column":52},"end":{"line":110,"column":null}}],"line":110},"4":{"loc":{"start":{"line":121,"column":8},"end":{"line":124,"column":null}},"type":"if","locations":[{"start":{"line":121,"column":8},"end":{"line":124,"column":null}},{"start":{},"end":{}}],"line":121},"5":{"loc":{"start":{"line":127,"column":8},"end":{"line":130,"column":null}},"type":"if","locations":[{"start":{"line":127,"column":8},"end":{"line":130,"column":null}},{"start":{},"end":{}}],"line":127},"6":{"loc":{"start":{"line":145,"column":12},"end":{"line":148,"column":null}},"type":"if","locations":[{"start":{"line":145,"column":12},"end":{"line":148,"column":null}},{"start":{},"end":{}}],"line":145},"7":{"loc":{"start":{"line":146,"column":28},"end":{"line":146,"column":74}},"type":"binary-expr","locations":[{"start":{"line":146,"column":28},"end":{"line":146,"column":44}},{"start":{"line":146,"column":44},"end":{"line":146,"column":74}}],"line":146},"8":{"loc":{"start":{"line":206,"column":53},"end":{"line":206,"column":90}},"type":"cond-expr","locations":[{"start":{"line":206,"column":77},"end":{"line":206,"column":88}},{"start":{"line":206,"column":88},"end":{"line":206,"column":90}}],"line":206},"9":{"loc":{"start":{"line":212,"column":53},"end":{"line":212,"column":93}},"type":"cond-expr","locations":[{"start":{"line":212,"column":80},"end":{"line":212,"column":91}},{"start":{"line":212,"column":91},"end":{"line":212,"column":93}}],"line":212},"10":{"loc":{"start":{"line":221,"column":25},"end":{"line":221,"column":null}},"type":"binary-expr","locations":[{"start":{"line":221,"column":25},"end":{"line":221,"column":37}},{"start":{"line":221,"column":37},"end":{"line":221,"column":null}}],"line":221},"11":{"loc":{"start":{"line":222,"column":25},"end":{"line":222,"column":null}},"type":"binary-expr","locations":[{"start":{"line":222,"column":25},"end":{"line":222,"column":39}},{"start":{"line":222,"column":39},"end":{"line":222,"column":null}}],"line":222},"12":{"loc":{"start":{"line":226,"column":25},"end":{"line":267,"column":null}},"type":"binary-expr","locations":[{"start":{"line":226,"column":25},"end":{"line":226,"column":null}},{"start":{"line":227,"column":28},"end":{"line":267,"column":null}}],"line":226},"13":{"loc":{"start":{"line":272,"column":25},"end":{"line":320,"column":null}},"type":"binary-expr","locations":[{"start":{"line":272,"column":25},"end":{"line":272,"column":null}},{"start":{"line":273,"column":28},"end":{"line":320,"column":null}}],"line":272},"14":{"loc":{"start":{"line":325,"column":25},"end":{"line":355,"column":null}},"type":"binary-expr","locations":[{"start":{"line":325,"column":25},"end":{"line":325,"column":null}},{"start":{"line":326,"column":28},"end":{"line":355,"column":null}}],"line":325}},"s":{"0":3,"1":40,"2":40,"3":40,"4":40,"5":40,"6":40,"7":40,"8":40,"9":40,"10":40,"11":40,"12":40,"13":3,"14":3,"15":3,"16":3,"17":2,"18":2,"19":1,"20":1,"21":1,"22":1,"23":1,"24":1,"25":40,"26":11,"27":11,"28":40,"29":3,"30":3,"31":3,"32":3,"33":1,"34":1,"35":2,"36":1,"37":1,"38":1,"39":1,"40":1,"41":1,"42":0,"43":0,"44":1,"45":1,"46":0,"47":0,"48":40,"49":0,"50":5,"51":3,"52":3,"53":0,"54":0,"55":0,"56":0,"57":0,"58":0,"59":0,"60":0,"61":0,"62":0,"63":0,"64":0,"65":0,"66":0,"67":0},"f":{"0":40,"1":3,"2":11,"3":3,"4":0,"5":5,"6":3,"7":3,"8":0,"9":0,"10":0,"11":0},"b":{"0":[40,40],"1":[1,1],"2":[1,0],"3":[2,9],"4":[1,2],"5":[1,1],"6":[0,1],"7":[0,0],"8":[21,19],"9":[19,21],"10":[40,4],"11":[40,1],"12":[40,21],"13":[40,19],"14":[40,0]},"meta":{"lastBranch":15,"lastFunction":12,"lastStatement":68,"seen":{"s:19:14:364:Infinity":0,"f:19:14:19:20":0,"s:22:16:22:Infinity":1,"s:23:10:23:Infinity":2,"s:27:34:27:Infinity":3,"s:31:26:31:Infinity":4,"s:32:36:32:Infinity":5,"s:33:32:33:Infinity":6,"s:36:38:36:Infinity":7,"s:39:40:44:Infinity":8,"s:47:36:47:Infinity":9,"s:50:10:50:Infinity":10,"s:54:17:54:Infinity":11,"b:54:17:54:41:54:41:54:Infinity":0,"s:60:25:102:Infinity":12,"f:60:25:60:32":1,"s:61:8:61:Infinity":13,"s:62:8:62:Infinity":14,"s:64:8:101:Infinity":15,"s:66:29:77:Infinity":16,"s:79:25:79:Infinity":17,"b:82:12:85:Infinity:undefined:undefined:undefined:undefined":1,"s:82:12:85:Infinity":18,"s:83:16:83:Infinity":19,"b:83:28:83:44:83:44:83:65":2,"s:84:16:84:Infinity":20,"s:89:12:89:Infinity":21,"s:93:12:93:Infinity":22,"s:99:12:99:Infinity":23,"s:100:12:100:Infinity":24,"s:105:33:112:Infinity":25,"f:105:33:105:34":2,"s:106:47:106:Infinity":26,"s:107:8:111:Infinity":27,"b:110:42:110:52:110:52:110:Infinity":3,"s:115:33:158:Infinity":28,"f:115:33:115:40":3,"s:116:8:116:Infinity":29,"s:117:8:117:Infinity":30,"s:118:8:118:Infinity":31,"b:121:8:124:Infinity:undefined:undefined:undefined:undefined":4,"s:121:8:124:Infinity":32,"s:122:12:122:Infinity":33,"s:123:12:123:Infinity":34,"b:127:8:130:Infinity:undefined:undefined:undefined:undefined":5,"s:127:8:130:Infinity":35,"s:128:12:128:Infinity":36,"s:129:12:129:Infinity":37,"s:132:8:157:Infinity":38,"s:134:29:141:Infinity":39,"s:143:25:143:Infinity":40,"b:145:12:148:Infinity:undefined:undefined:undefined:undefined":6,"s:145:12:148:Infinity":41,"s:146:16:146:Infinity":42,"b:146:28:146:44:146:44:146:74":7,"s:147:16:147:Infinity":43,"s:151:12:151:Infinity":44,"s:152:12:152:Infinity":45,"s:155:12:155:Infinity":46,"s:156:12:156:Infinity":47,"s:163:4:362:Infinity":48,"b:206:77:206:88:206:88:206:90":8,"f:207:37:207:43":4,"s:207:43:207:Infinity":49,"b:212:80:212:91:212:91:212:93":9,"f:213:37:213:43":5,"s:213:43:213:Infinity":50,"b:221:25:221:37:221:37:221:Infinity":10,"b:222:25:222:39:222:39:222:Infinity":11,"b:226:25:226:Infinity:227:28:267:Infinity":12,"f:240:54:240:55":6,"s:240:61:240:Infinity":51,"f:252:54:252:55":7,"s:252:61:252:Infinity":52,"f:258:92:258:98":8,"s:258:99:258:123":53,"s:258:123:258:140":54,"s:258:140:258:158":55,"b:272:25:272:Infinity:273:28:320:Infinity":13,"b:325:25:325:Infinity:326:28:355:Infinity":14,"f:331:48:331:55":9,"s:332:36:332:Infinity":56,"s:333:36:333:53":57,"s:333:53:333:Infinity":58,"s:334:36:341:Infinity":59,"s:335:52:338:Infinity":60,"s:339:53:339:Infinity":61,"s:340:40:340:Infinity":62,"s:341:52:341:100":63,"f:345:129:345:130":10,"s:345:136:345:168":64,"f:351:104:351:110":11,"s:351:112:351:135":65,"s:351:135:351:152":66,"s:351:152:351:171":67}}}
,"C:\\Users\\pauline.bennoin\\WebstormProjects\\cafthefront\\src\\styles\\Login.css": {"path":"C:\\Users\\pauline.bennoin\\WebstormProjects\\cafthefront\\src\\styles\\Login.css","statementMap":{},"fnMap":{},"branchMap":{},"s":{},"f":{},"b":{},"meta":{"lastBranch":0,"lastFunction":0,"lastStatement":0,"seen":{}}}
}
